#
# There is insufficient memory for the Java Runtime Environment to continue.
# Native memory allocation (malloc) failed to allocate 1312176 bytes for Chunk::new
# Possible reasons:
#   The system is out of physical RAM or swap space
#   In 32 bit mode, the process size limit was hit
# Possible solutions:
#   Reduce memory load on the system
#   Increase physical memory or swap space
#   Check if swap backing store is full
#   Use 64 bit Java on a 64 bit OS
#   Decrease Java heap size (-Xmx/-Xms)
#   Decrease number of Java threads
#   Decrease Java thread stack sizes (-Xss)
#   Set larger code cache with -XX:ReservedCodeCacheSize=
# This output file may be truncated or incomplete.
#
#  Out of Memory Error (allocation.cpp:390), pid=32908, tid=0x00000000000067dc
#
# JRE version: OpenJDK Runtime Environment (8.0_152-b01) (build 1.8.0_152-release-915-b01)
# Java VM: OpenJDK 64-Bit Server VM (25.152-b01 mixed mode windows-amd64 compressed oops)
# Failed to write core dump. Minidumps are not enabled by default on client versions of Windows
#

---------------  T H R E A D  ---------------

Current thread (0x00000000171fa000):  JavaThread "C2 CompilerThread0" daemon [_thread_in_native, id=26588, stack(0x00000000197c0000,0x00000000198c0000)]

Stack: [0x00000000197c0000,0x00000000198c0000]
[error occurred during error reporting (printing stack bounds), id 0xc0000005]

Native frames: (J=compiled Java code, j=interpreted, Vv=VM code, C=native code)


Current CompileTask:
C2:7595589 32213       4       java.io.WinNTFileSystem::normalize (143 bytes)


---------------  P R O C E S S  ---------------

Java Threads: ( => current thread )
  0x000000001eaa9800 JavaThread "Build operations Thread 8" [_thread_blocked, id=11252, stack(0x00000000273c0000,0x00000000274c0000)]
  0x000000001eaa8800 JavaThread "Build operations Thread 7" [_thread_blocked, id=23744, stack(0x00000000234f0000,0x00000000235f0000)]
  0x000000001eaa8000 JavaThread "Build operations Thread 6" [_thread_blocked, id=36100, stack(0x00000000233f0000,0x00000000234f0000)]
  0x000000001eaa5800 JavaThread "Build operations Thread 5" [_thread_blocked, id=16876, stack(0x00000000232f0000,0x00000000233f0000)]
  0x000000001eaa7000 JavaThread "Build operations Thread 4" [_thread_blocked, id=24040, stack(0x00000000231f0000,0x00000000232f0000)]
  0x000000001ea9e000 JavaThread "Build operations Thread 3" [_thread_blocked, id=31788, stack(0x00000000230f0000,0x00000000231f0000)]
  0x000000001ea9f800 JavaThread "Build operations Thread 2" [_thread_blocked, id=22564, stack(0x0000000022ff0000,0x00000000230f0000)]
  0x000000001eaa5000 JavaThread "Build operations" [_thread_blocked, id=20348, stack(0x0000000022ef0000,0x0000000022ff0000)]
  0x000000001ea9d800 JavaThread "Cache worker for cache directory md-rule (C:\Users\Administrator\.gradle\caches\4.10.2\md-rule)" [_thread_blocked, id=16700, stack(0x0000000022df0000,0x0000000022ef0000)]
  0x000000001eaa4000 JavaThread "Cache worker for cache directory md-supplier (C:\Users\Administrator\.gradle\caches\4.10.2\md-supplier)" [_thread_blocked, id=26756, stack(0x0000000022cf0000,0x0000000022df0000)]
  0x000000001eaa1000 JavaThread "Cache worker for file hash cache (D:\work\xs1\android\.gradle\4.10.2\fileHashes)" [_thread_blocked, id=25488, stack(0x0000000020fd0000,0x00000000210d0000)]
  0x000000001db39800 JavaThread "Stdin handler" [_thread_blocked, id=27296, stack(0x0000000020ed0000,0x0000000020fd0000)]
  0x000000001db2f800 JavaThread "Asynchronous log dispatcher for DefaultDaemonConnection: socket connection from /127.0.0.1:52087 to /127.0.0.1:64716" [_thread_blocked, id=21332, stack(0x000000001d710000,0x000000001d810000)]
  0x000000001db33000 JavaThread "Cancel handler" [_thread_blocked, id=23760, stack(0x000000001cc10000,0x000000001cd10000)]
  0x000000001db2d000 JavaThread "Handler for socket connection from /127.0.0.1:52087 to /127.0.0.1:64716" [_thread_in_native, id=32640, stack(0x000000001cb10000,0x000000001cc10000)]
  0x000000001eaa3800 JavaThread "Daemon worker Thread 9" [_thread_in_Java, id=23184, stack(0x000000001cd10000,0x000000001ce10000)]
  0x000000001eaa0800 JavaThread "Daemon Thread 9" [_thread_blocked, id=9884, stack(0x000000001ca10000,0x000000001cb10000)]
  0x0000000029de8800 JavaThread "RMI TCP Accept-0" daemon [_thread_in_native, id=33744, stack(0x000000002dfa0000,0x000000002e0a0000)]
  0x0000000029de5800 JavaThread "RMI Reaper" [_thread_blocked, id=8912, stack(0x000000002c610000,0x000000002c710000)]
  0x0000000029de1800 JavaThread "RMI TCP Accept-0" daemon [_thread_in_native, id=31272, stack(0x000000002c510000,0x000000002c610000)]
  0x0000000029de9000 JavaThread "GC Daemon" daemon [_thread_blocked, id=20624, stack(0x000000002c410000,0x000000002c510000)]
  0x0000000029ddd800 JavaThread "RMI Scheduler(0)" daemon [_thread_blocked, id=30992, stack(0x000000002c0e0000,0x000000002c1e0000)]
  0x000000001eee9800 JavaThread "Cache worker for Java compile cache (C:\Users\Administrator\.gradle\caches\4.10.2\javaCompile)" [_thread_blocked, id=19116, stack(0x000000002b8e0000,0x000000002b9e0000)]
  0x000000001db2b000 JavaThread "Cache worker for file content cache (C:\Users\Administrator\.gradle\caches\4.10.2\fileContent)" [_thread_blocked, id=22864, stack(0x00000000291c0000,0x00000000292c0000)]
  0x00000000240d3800 JavaThread "pool-1-thread-1" [_thread_blocked, id=20680, stack(0x0000000001360000,0x0000000001460000)]
  0x000000001db34800 JavaThread "Memory manager" [_thread_blocked, id=31444, stack(0x0000000021460000,0x0000000021560000)]
  0x000000001db2e800 JavaThread "Cache worker for Artifact transforms cache (C:\Users\Administrator\.gradle\caches\transforms-1)" [_thread_blocked, id=6800, stack(0x0000000021360000,0x0000000021460000)]
  0x0000000019167000 JavaThread "Cache worker for journal cache (C:\Users\Administrator\.gradle\caches\journal-1)" [_thread_blocked, id=34832, stack(0x000000001e7e0000,0x000000001e8e0000)]
  0x000000001b092800 JavaThread "File lock request listener" [_thread_in_native, id=5944, stack(0x000000001d610000,0x000000001d710000)]
  0x000000001b8f3800 JavaThread "Cache worker for file hash cache (C:\Users\Administrator\.gradle\caches\4.10.2\fileHashes)" [_thread_blocked, id=26028, stack(0x000000001d310000,0x000000001d410000)]
  0x000000001ad28800 JavaThread "Daemon periodic checks" [_thread_blocked, id=17152, stack(0x000000001c910000,0x000000001ca10000)]
  0x000000001ad23000 JavaThread "Incoming local TCP Connector on port 52087" [_thread_in_native, id=19240, stack(0x000000001c760000,0x000000001c860000)]
  0x00000000191f2000 JavaThread "Service Thread" daemon [_thread_blocked, id=32728, stack(0x0000000019bc0000,0x0000000019cc0000)]
  0x000000001916b800 JavaThread "C1 CompilerThread3" daemon [_thread_blocked, id=32972, stack(0x0000000019ac0000,0x0000000019bc0000)]
  0x0000000019158000 JavaThread "C2 CompilerThread2" daemon [_thread_in_native, id=10224, stack(0x00000000199c0000,0x0000000019ac0000)]
  0x0000000019152800 JavaThread "C2 CompilerThread1" daemon [_thread_blocked, id=27248, stack(0x00000000198c0000,0x00000000199c0000)]
=>0x00000000171fa000 JavaThread "C2 CompilerThread0" daemon [_thread_in_native, id=26588, stack(0x00000000197c0000,0x00000000198c0000)]
  0x0000000019101800 JavaThread "Attach Listener" daemon [_thread_blocked, id=33584, stack(0x00000000196c0000,0x00000000197c0000)]
  0x0000000019150800 JavaThread "Signal Dispatcher" daemon [_thread_blocked, id=17388, stack(0x00000000195c0000,0x00000000196c0000)]
  0x000000000336e800 JavaThread "Finalizer" daemon [_thread_blocked, id=25640, stack(0x00000000194c0000,0x00000000195c0000)]
  0x0000000003367000 JavaThread "Reference Handler" daemon [_thread_blocked, id=9244, stack(0x0000000018fc0000,0x00000000190c0000)]
  0x0000000003272800 JavaThread "main" [_thread_blocked, id=32800, stack(0x0000000002e00000,0x0000000002f00000)]

Other Threads:
  0x00000000171e5800 VMThread [stack: 0x0000000018ec0000,0x0000000018fc0000] [id=27468]
  0x00000000191f2800 WatcherThread [stack: 0x0000000019cc0000,0x0000000019dc0000] [id=28944]

VM state:not at safepoint (normal execution)

VM Mutex/Monitor currently owned by a thread: None

Heap:
 PSYoungGen      total 391168K, used 238718K [0x00000000e0000000, 0x0000000100000000, 0x0000000100000000)
  eden space 316416K, 51% used [0x00000000e0000000,0x00000000ea026dc0,0x00000000f3500000)
  from space 74752K, 99% used [0x00000000fb700000,0x00000000ffff8e20,0x0000000100000000)
  to   space 103936K, 0% used [0x00000000f3500000,0x00000000f3500000,0x00000000f9a80000)
 ParOldGen       total 541184K, used 322924K [0x00000000a0000000, 0x00000000c1080000, 0x00000000e0000000)
  object space 541184K, 59% used [0x00000000a0000000,0x00000000b3b5b170,0x00000000c1080000)
 Metaspace       used 105468K, capacity 112810K, committed 113280K, reserved 1146880K
  class space    used 12989K, capacity 14999K, committed 15232K, reserved 1048576K

Card table byte_map: [0x00000000127f0000,0x0000000012b00000] byte_map_base: 0x00000000122f0000

Marking Bits: (ParMarkBitMap*) 0x0000000072e93950
 Begin Bits: [0x0000000013500000, 0x0000000014d00000)
 End Bits:   [0x0000000014d00000, 0x0000000016500000)

Polling page: 0x0000000001150000

CodeCache: size=245760Kb used=90466Kb max_used=91303Kb free=155293Kb
 bounds [0x0000000003430000, 0x0000000008e20000, 0x0000000012430000]
 total_blobs=25293 nmethods=24368 adapters=836
 compilation: enabled

Compilation events (10 events):
Event: 7595.567 Thread 0x000000001916b800 32226   !   3       sun.reflect.GeneratedMethodAccessor314::invoke (65 bytes)
Event: 7595.568 Thread 0x000000001916b800 nmethod 32226 0x0000000006b38e90 code [0x0000000006b390c0, 0x0000000006b39988]
Event: 7595.568 Thread 0x000000001916b800 32227   !   3       sun.reflect.GeneratedMethodAccessor315::invoke (65 bytes)
Event: 7595.568 Thread 0x000000001916b800 nmethod 32227 0x0000000008941a10 code [0x0000000008941c20, 0x00000000089423d8]
Event: 7595.577 Thread 0x0000000019152800 32228       4       com.android.build.gradle.internal.scope.ArtifactTypeUtil::getOutputPath (45 bytes)
Event: 7595.577 Thread 0x0000000019158000 32229       4       com.android.build.gradle.internal.scope.BuildArtifactsHolder::createFileOrDirectory (223 bytes)
Event: 7595.578 Thread 0x0000000019152800 nmethod 32228 0x0000000003c2df90 code [0x0000000003c2e0e0, 0x0000000003c2e1a8]
Event: 7595.578 Thread 0x0000000019152800 32230       4       com.android.build.gradle.internal.scope.BuildArtifactsHolder$BuildableProducer::<init> (38 bytes)
Event: 7595.579 Thread 0x0000000019152800 nmethod 32230 0x0000000008330490 code [0x00000000083305c0, 0x00000000083306b8]
Event: 7595.586 Thread 0x000000001916b800 32231   !   3       sun.reflect.GeneratedMethodAccessor316::invoke (65 bytes)

GC Heap History (10 events):
Event: 7474.742 GC heap before
{Heap before GC invocations=63 (full 5):
 PSYoungGen      total 416768K, used 376649K [0x00000000e0000000, 0x00000000ff700000, 0x0000000100000000)
  eden space 343040K, 100% used [0x00000000e0000000,0x00000000f4f00000,0x00000000f4f00000)
  from space 73728K, 45% used [0x00000000f4f00000,0x00000000f6fd2680,0x00000000f9700000)
  to   space 72192K, 0% used [0x00000000fb080000,0x00000000fb080000,0x00000000ff700000)
 ParOldGen       total 541184K, used 274996K [0x00000000a0000000, 0x00000000c1080000, 0x00000000e0000000)
  object space 541184K, 50% used [0x00000000a0000000,0x00000000b0c8d350,0x00000000c1080000)
 Metaspace       used 103706K, capacity 111012K, committed 111360K, reserved 1144832K
  class space    used 12850K, capacity 14874K, committed 15104K, reserved 1048576K
Event: 7474.815 GC heap after
Heap after GC invocations=63 (full 5):
 PSYoungGen      total 439808K, used 46455K [0x00000000e0000000, 0x00000000fff80000, 0x0000000100000000)
  eden space 367616K, 0% used [0x00000000e0000000,0x00000000e0000000,0x00000000f6700000)
  from space 72192K, 64% used [0x00000000fb080000,0x00000000fdddddb8,0x00000000ff700000)
  to   space 75264K, 0% used [0x00000000f6700000,0x00000000f6700000,0x00000000fb080000)
 ParOldGen       total 541184K, used 275004K [0x00000000a0000000, 0x00000000c1080000, 0x00000000e0000000)
  object space 541184K, 50% used [0x00000000a0000000,0x00000000b0c8f350,0x00000000c1080000)
 Metaspace       used 103706K, capacity 111012K, committed 111360K, reserved 1144832K
  class space    used 12850K, capacity 14874K, committed 15104K, reserved 1048576K
}
Event: 7478.769 GC heap before
{Heap before GC invocations=64 (full 5):
 PSYoungGen      total 439808K, used 414064K [0x00000000e0000000, 0x00000000fff80000, 0x0000000100000000)
  eden space 367616K, 99% used [0x00000000e0000000,0x00000000f66fe360,0x00000000f6700000)
  from space 72192K, 64% used [0x00000000fb080000,0x00000000fdddddb8,0x00000000ff700000)
  to   space 75264K, 0% used [0x00000000f6700000,0x00000000f6700000,0x00000000fb080000)
 ParOldGen       total 541184K, used 275004K [0x00000000a0000000, 0x00000000c1080000, 0x00000000e0000000)
  object space 541184K, 50% used [0x00000000a0000000,0x00000000b0c8f350,0x00000000c1080000)
 Metaspace       used 104186K, capacity 111400K, committed 111616K, reserved 1146880K
  class space    used 12902K, capacity 14912K, committed 15104K, reserved 1048576K
Event: 7478.801 GC heap after
Heap after GC invocations=64 (full 5):
 PSYoungGen      total 442880K, used 29358K [0x00000000e0000000, 0x00000000ffb00000, 0x0000000100000000)
  eden space 367616K, 0% used [0x00000000e0000000,0x00000000e0000000,0x00000000f6700000)
  from space 75264K, 39% used [0x00000000f6700000,0x00000000f83ab8d0,0x00000000fb080000)
  to   space 71168K, 0% used [0x00000000fb580000,0x00000000fb580000,0x00000000ffb00000)
 ParOldGen       total 541184K, used 275012K [0x00000000a0000000, 0x00000000c1080000, 0x00000000e0000000)
  object space 541184K, 50% used [0x00000000a0000000,0x00000000b0c91350,0x00000000c1080000)
 Metaspace       used 104186K, capacity 111400K, committed 111616K, reserved 1146880K
  class space    used 12902K, capacity 14912K, committed 15104K, reserved 1048576K
}
Event: 7488.960 GC heap before
{Heap before GC invocations=65 (full 5):
 PSYoungGen      total 442880K, used 396974K [0x00000000e0000000, 0x00000000ffb00000, 0x0000000100000000)
  eden space 367616K, 100% used [0x00000000e0000000,0x00000000f6700000,0x00000000f6700000)
  from space 75264K, 39% used [0x00000000f6700000,0x00000000f83ab8d0,0x00000000fb080000)
  to   space 71168K, 0% used [0x00000000fb580000,0x00000000fb580000,0x00000000ffb00000)
 ParOldGen       total 541184K, used 275012K [0x00000000a0000000, 0x00000000c1080000, 0x00000000e0000000)
  object space 541184K, 50% used [0x00000000a0000000,0x00000000b0c91350,0x00000000c1080000)
 Metaspace       used 104904K, capacity 112202K, committed 112384K, reserved 1146880K
  class space    used 12966K, capacity 14957K, committed 15104K, reserved 1048576K
Event: 7488.986 GC heap after
Heap after GC invocations=65 (full 5):
 PSYoungGen      total 441856K, used 28245K [0x00000000e0000000, 0x00000000ff400000, 0x0000000100000000)
  eden space 377856K, 0% used [0x00000000e0000000,0x00000000e0000000,0x00000000f7100000)
  from space 64000K, 44% used [0x00000000fb580000,0x00000000fd115780,0x00000000ff400000)
  to   space 67072K, 0% used [0x00000000f7100000,0x00000000f7100000,0x00000000fb280000)
 ParOldGen       total 541184K, used 275020K [0x00000000a0000000, 0x00000000c1080000, 0x00000000e0000000)
  object space 541184K, 50% used [0x00000000a0000000,0x00000000b0c93350,0x00000000c1080000)
 Metaspace       used 104904K, capacity 112202K, committed 112384K, reserved 1146880K
  class space    used 12966K, capacity 14957K, committed 15104K, reserved 1048576K
}
Event: 7580.408 GC heap before
{Heap before GC invocations=66 (full 5):
 PSYoungGen      total 441856K, used 406101K [0x00000000e0000000, 0x00000000ff400000, 0x0000000100000000)
  eden space 377856K, 100% used [0x00000000e0000000,0x00000000f7100000,0x00000000f7100000)
  from space 64000K, 44% used [0x00000000fb580000,0x00000000fd115780,0x00000000ff400000)
  to   space 67072K, 0% used [0x00000000f7100000,0x00000000f7100000,0x00000000fb280000)
 ParOldGen       total 541184K, used 275020K [0x00000000a0000000, 0x00000000c1080000, 0x00000000e0000000)
  object space 541184K, 50% used [0x00000000a0000000,0x00000000b0c93350,0x00000000c1080000)
 Metaspace       used 105252K, capacity 112404K, committed 112768K, reserved 1146880K
  class space    used 12983K, capacity 14996K, committed 15232K, reserved 1048576K
Event: 7580.463 GC heap after
Heap after GC invocations=66 (full 5):
 PSYoungGen      total 444928K, used 59029K [0x00000000e0000000, 0x0000000100000000, 0x0000000100000000)
  eden space 377856K, 0% used [0x00000000e0000000,0x00000000e0000000,0x00000000f7100000)
  from space 67072K, 88% used [0x00000000f7100000,0x00000000faaa5748,0x00000000fb280000)
  to   space 74752K, 0% used [0x00000000fb700000,0x00000000fb700000,0x0000000100000000)
 ParOldGen       total 541184K, used 275028K [0x00000000a0000000, 0x00000000c1080000, 0x00000000e0000000)
  object space 541184K, 50% used [0x00000000a0000000,0x00000000b0c95350,0x00000000c1080000)
 Metaspace       used 105252K, capacity 112404K, committed 112768K, reserved 1146880K
  class space    used 12983K, capacity 14996K, committed 15232K, reserved 1048576K
}
Event: 7581.735 GC heap before
{Heap before GC invocations=67 (full 5):
 PSYoungGen      total 444928K, used 436885K [0x00000000e0000000, 0x0000000100000000, 0x0000000100000000)
  eden space 377856K, 100% used [0x00000000e0000000,0x00000000f7100000,0x00000000f7100000)
  from space 67072K, 88% used [0x00000000f7100000,0x00000000faaa5748,0x00000000fb280000)
  to   space 74752K, 0% used [0x00000000fb700000,0x00000000fb700000,0x0000000100000000)
 ParOldGen       total 541184K, used 275028K [0x00000000a0000000, 0x00000000c1080000, 0x00000000e0000000)
  object space 541184K, 50% used [0x00000000a0000000,0x00000000b0c95350,0x00000000c1080000)
 Metaspace       used 105392K, capacity 112676K, committed 113024K, reserved 1146880K
  class space    used 12987K, capacity 14998K, committed 15232K, reserved 1048576K
Event: 7581.790 GC heap after
Heap after GC invocations=67 (full 5):
 PSYoungGen      total 391168K, used 74723K [0x00000000e0000000, 0x0000000100000000, 0x0000000100000000)
  eden space 316416K, 0% used [0x00000000e0000000,0x00000000e0000000,0x00000000f3500000)
  from space 74752K, 99% used [0x00000000fb700000,0x00000000ffff8e20,0x0000000100000000)
  to   space 103936K, 0% used [0x00000000f3500000,0x00000000f3500000,0x00000000f9a80000)
 ParOldGen       total 541184K, used 322924K [0x00000000a0000000, 0x00000000c1080000, 0x00000000e0000000)
  object space 541184K, 59% used [0x00000000a0000000,0x00000000b3b5b170,0x00000000c1080000)
 Metaspace       used 105392K, capacity 112676K, committed 113024K, reserved 1146880K
  class space    used 12987K, capacity 14998K, committed 15232K, reserved 1048576K
}

Deoptimization events (10 events):
Event: 7581.925 Thread 0x00000000240d6800 Uncommon trap: reason=unstable_if action=reinterpret pc=0x0000000003ee7268 method=java.io.WinNTFileSystem.normalize(Ljava/lang/String;)Ljava/lang/String; @ 74
Event: 7581.928 Thread 0x00000000240d6800 Uncommon trap: reason=unstable_if action=reinterpret pc=0x000000000787bd5c method=java.util.TimSort.countRunAndMakeAscending([Ljava/lang/Object;IILjava/util/Comparator;)I @ 27
Event: 7581.929 Thread 0x00000000240d6800 Uncommon trap: reason=unstable_if action=reinterpret pc=0x0000000007f7ff44 method=java.lang.String$CaseInsensitiveComparator.compare(Ljava/lang/String;Ljava/lang/String;)I @ 70
Event: 7581.957 Thread 0x00000000240d6800 Uncommon trap: reason=unstable_if action=reinterpret pc=0x0000000003d83f64 method=java.util.TimSort.countRunAndMakeAscending([Ljava/lang/Object;IILjava/util/Comparator;)I @ 27
Event: 7582.536 Thread 0x00000000240d6800 Uncommon trap: reason=unstable_if action=reinterpret pc=0x00000000049e4d50 method=org.gradle.internal.file.DefaultFileHierarchySet$Node.isChildOfOrThis(Ljava/lang/String;I)Z @ 23
Event: 7582.536 Thread 0x00000000240d6800 Uncommon trap: reason=unstable_if action=reinterpret pc=0x0000000003f1bdd0 method=org.gradle.internal.file.DefaultFileHierarchySet$Node.isChildOfOrThis(Ljava/lang/String;I)Z @ 23
Event: 7587.573 Thread 0x00000000240d6800 Uncommon trap: reason=class_check action=maybe_recompile pc=0x0000000003ddb964 method=com.google.common.collect.SingletonImmutableBiMap.containsKey(Ljava/lang/Object;)Z @ 5
Event: 7587.581 Thread 0x00000000240d9800 Uncommon trap: reason=unstable_if action=reinterpret pc=0x00000000070efe30 method=org.gradle.cache.internal.btree.BTreePersistentIndexedCache$DataBlock.useNewValue(Ljava/lang/Object;)Lorg/gradle/cache/internal/btree/BTreePersistentIndexedCache$DataBlockUp
Event: 7595.466 Thread 0x000000001eaa3800 Uncommon trap: reason=unstable_if action=reinterpret pc=0x000000000866a638 method=java.io.WinNTFileSystem.normalizePrefix(Ljava/lang/String;ILjava/lang/StringBuffer;)I @ 62
Event: 7595.469 Thread 0x000000001eaa3800 Uncommon trap: reason=unstable_if action=reinterpret pc=0x0000000008c8bdd8 method=java.io.WinNTFileSystem.normalizePrefix(Ljava/lang/String;ILjava/lang/StringBuffer;)I @ 62

Classes redefined (0 events):
No events

Internal exceptions (10 events):
Event: 7595.457 Thread 0x000000001eaa3800 Exception <a 'sun/nio/fs/WindowsException'> (0x00000000e89a9378) thrown at [D:\src\AOSP-openjdk-cygwin\jdk8u\hotspot\src\share\vm\prims\jni.cpp, line 709]
Event: 7595.457 Thread 0x000000001eaa3800 Exception <a 'sun/nio/fs/WindowsException'> (0x00000000e89ac068) thrown at [D:\src\AOSP-openjdk-cygwin\jdk8u\hotspot\src\share\vm\prims\jni.cpp, line 709]
Event: 7595.457 Thread 0x000000001eaa3800 Exception <a 'sun/nio/fs/WindowsException'> (0x00000000e89acfc0) thrown at [D:\src\AOSP-openjdk-cygwin\jdk8u\hotspot\src\share\vm\prims\jni.cpp, line 709]
Event: 7595.458 Thread 0x000000001eaa3800 Exception <a 'sun/nio/fs/WindowsException'> (0x00000000e89b2620) thrown at [D:\src\AOSP-openjdk-cygwin\jdk8u\hotspot\src\share\vm\prims\jni.cpp, line 709]
Event: 7595.458 Thread 0x000000001eaa3800 Exception <a 'sun/nio/fs/WindowsException'> (0x00000000e89b3558) thrown at [D:\src\AOSP-openjdk-cygwin\jdk8u\hotspot\src\share\vm\prims\jni.cpp, line 709]
Event: 7595.458 Thread 0x000000001eaa3800 Exception <a 'sun/nio/fs/WindowsException'> (0x00000000e89b6248) thrown at [D:\src\AOSP-openjdk-cygwin\jdk8u\hotspot\src\share\vm\prims\jni.cpp, line 709]
Event: 7595.458 Thread 0x000000001eaa3800 Exception <a 'sun/nio/fs/WindowsException'> (0x00000000e89b7190) thrown at [D:\src\AOSP-openjdk-cygwin\jdk8u\hotspot\src\share\vm\prims\jni.cpp, line 709]
Event: 7595.501 Thread 0x000000001eaa3800 Exception <a 'sun/nio/fs/WindowsException'> (0x00000000e8edefd8) thrown at [D:\src\AOSP-openjdk-cygwin\jdk8u\hotspot\src\share\vm\prims\jni.cpp, line 709]
Event: 7595.524 Thread 0x000000001eaa3800 Exception <a 'sun/nio/fs/WindowsException'> (0x00000000e92dae50) thrown at [D:\src\AOSP-openjdk-cygwin\jdk8u\hotspot\src\share\vm\prims\jni.cpp, line 709]
Event: 7595.569 Thread 0x000000001eaa3800 Exception <a 'sun/nio/fs/WindowsException'> (0x00000000e9813260) thrown at [D:\src\AOSP-openjdk-cygwin\jdk8u\hotspot\src\share\vm\prims\jni.cpp, line 709]

Events (10 events):
Event: 7595.409 Thread 0x000000001eaa8800 DEOPT PACKING pc=0x00000000068d3211 sp=0x00000000235eee40
Event: 7595.409 Thread 0x000000001eaa8800 DEOPT UNPACKING pc=0x00000000034775bf sp=0x00000000235eeb88 mode 0
Event: 7595.466 Thread 0x000000001eaa3800 Uncommon trap: trap_request=0xffffff65 fr.pc=0x000000000866a638
Event: 7595.466 Thread 0x000000001eaa3800 DEOPT PACKING pc=0x000000000866a638 sp=0x000000001ce09bf0
Event: 7595.466 Thread 0x000000001eaa3800 DEOPT UNPACKING pc=0x000000000347556a sp=0x000000001ce09ae8 mode 2
Event: 7595.469 Thread 0x000000001eaa3800 Uncommon trap: trap_request=0xffffff65 fr.pc=0x0000000008c8bdd8
Event: 7595.469 Thread 0x000000001eaa3800 DEOPT PACKING pc=0x0000000008c8bdd8 sp=0x000000001ce09b50
Event: 7595.469 Thread 0x000000001eaa3800 DEOPT UNPACKING pc=0x000000000347556a sp=0x000000001ce09ad8 mode 2
Event: 7595.541 Thread 0x000000001eaa3800 DEOPT PACKING pc=0x0000000008086a9c sp=0x000000001ce0b220
Event: 7595.541 Thread 0x000000001eaa3800 DEOPT UNPACKING pc=0x00000000034775bf sp=0x000000001ce0b098 mode 0


Dynamic libraries:
0x00007ff66fa20000 - 0x00007ff66fa51000 	D:\Program Files\Android\Android Studio\jre\bin\java.exe
0x00007fff757d0000 - 0x00007fff759c4000 	C:\Windows\SYSTEM32\ntdll.dll
0x00007fff74730000 - 0x00007fff747ed000 	C:\Windows\System32\KERNEL32.DLL
0x00007fff733e0000 - 0x00007fff736a7000 	C:\Windows\System32\KERNELBASE.dll
0x00007fff74800000 - 0x00007fff748aa000 	C:\Windows\System32\ADVAPI32.DLL
0x00007fff74ee0000 - 0x00007fff74f7e000 	C:\Windows\System32\msvcrt.dll
0x00007fff74580000 - 0x00007fff7461b000 	C:\Windows\System32\sechost.dll
0x00007fff73930000 - 0x00007fff73a53000 	C:\Windows\System32\RPCRT4.dll
0x00007fff73a60000 - 0x00007fff73c00000 	C:\Windows\System32\USER32.dll
0x00007fff73200000 - 0x00007fff73222000 	C:\Windows\System32\win32u.dll
0x00007fff74a60000 - 0x00007fff74a8a000 	C:\Windows\System32\GDI32.dll
0x00007fff730f0000 - 0x00007fff731f9000 	C:\Windows\System32\gdi32full.dll
0x00007fff72fd0000 - 0x00007fff7306d000 	C:\Windows\System32\msvcp_win.dll
0x00007fff73710000 - 0x00007fff73810000 	C:\Windows\System32\ucrtbase.dll
0x00007fff5d000000 - 0x00007fff5d29a000 	C:\Windows\WinSxS\amd64_microsoft.windows.common-controls_6595b64144ccf1df_6.0.19041.1_none_b555e41d4684ddec\COMCTL32.dll
0x00007fff74a90000 - 0x00007fff74ac0000 	C:\Windows\System32\IMM32.DLL
0x0000000072f10000 - 0x0000000072fe2000 	D:\Program Files\Android\Android Studio\jre\jre\bin\msvcr100.dll
0x00000000726d0000 - 0x0000000072f0e000 	D:\Program Files\Android\Android Studio\jre\jre\bin\server\jvm.dll
0x00007fff74570000 - 0x00007fff74578000 	C:\Windows\System32\PSAPI.DLL
0x00007fff64780000 - 0x00007fff64789000 	C:\Windows\SYSTEM32\WSOCK32.dll
0x00007fff74500000 - 0x00007fff7456b000 	C:\Windows\System32\WS2_32.dll
0x00007fff5b550000 - 0x00007fff5b577000 	C:\Windows\SYSTEM32\WINMM.dll
0x00007fff72ac0000 - 0x00007fff72aca000 	C:\Windows\SYSTEM32\VERSION.dll
0x00007fff6e620000 - 0x00007fff6e62f000 	D:\Program Files\Android\Android Studio\jre\jre\bin\verify.dll
0x00007fff4efe0000 - 0x00007fff4f009000 	D:\Program Files\Android\Android Studio\jre\jre\bin\java.dll
0x00007fff5c540000 - 0x00007fff5c556000 	D:\Program Files\Android\Android Studio\jre\jre\bin\zip.dll
0x00007fff74f80000 - 0x00007fff756b1000 	C:\Windows\System32\SHELL32.dll
0x00007fff70f90000 - 0x00007fff7171a000 	C:\Windows\SYSTEM32\windows.storage.dll
0x00007fff73d20000 - 0x00007fff74074000 	C:\Windows\System32\combase.dll
0x00007fff72930000 - 0x00007fff7295b000 	C:\Windows\SYSTEM32\Wldp.dll
0x00007fff74680000 - 0x00007fff7472e000 	C:\Windows\System32\SHCORE.dll
0x00007fff749e0000 - 0x00007fff74a35000 	C:\Windows\System32\shlwapi.dll
0x00007fff72e60000 - 0x00007fff72e7f000 	C:\Windows\SYSTEM32\profapi.dll
0x00007fff5be60000 - 0x00007fff5be7a000 	D:\Program Files\Android\Android Studio\jre\jre\bin\net.dll
0x00007fff726b0000 - 0x00007fff7271a000 	C:\Windows\system32\mswsock.dll
0x00007fff5bdc0000 - 0x00007fff5bdd1000 	D:\Program Files\Android\Android Studio\jre\jre\bin\nio.dll
0x00007fff5a370000 - 0x00007fff5a38e000 	C:\Users\Administrator\.gradle\native\25\windows-amd64\native-platform.dll
0x00007fff5a8b0000 - 0x00007fff5a8bd000 	D:\Program Files\Android\Android Studio\jre\jre\bin\management.dll
0x00007fff72880000 - 0x00007fff72898000 	C:\Windows\SYSTEM32\CRYPTSP.dll
0x00007fff71fd0000 - 0x00007fff72004000 	C:\Windows\system32\rsaenh.dll
0x00007fff73810000 - 0x00007fff73837000 	C:\Windows\System32\bcrypt.dll
0x00007fff72de0000 - 0x00007fff72e0e000 	C:\Windows\SYSTEM32\USERENV.dll
0x00007fff73070000 - 0x00007fff730ef000 	C:\Windows\System32\bcryptprimitives.dll
0x00007fff728a0000 - 0x00007fff728ac000 	C:\Windows\SYSTEM32\CRYPTBASE.dll
0x00007fff72350000 - 0x00007fff7238b000 	C:\Windows\SYSTEM32\IPHLPAPI.DLL
0x00007fff744f0000 - 0x00007fff744f9000 	C:\Windows\System32\NSI.dll
0x00007fff61870000 - 0x00007fff61887000 	C:\Windows\SYSTEM32\dhcpcsvc6.DLL
0x00007fff61850000 - 0x00007fff6186d000 	C:\Windows\SYSTEM32\dhcpcsvc.DLL
0x00007fff72390000 - 0x00007fff7245a000 	C:\Windows\SYSTEM32\DNSAPI.dll
0x00007fff4efb0000 - 0x00007fff4efd4000 	D:\Program Files\Android\Android Studio\jre\jre\bin\sunec.dll
0x00007fff6e610000 - 0x00007fff6e61b000 	D:\Program Files\Android\Android Studio\jre\jre\bin\sunmscapi.dll
0x00007fff73230000 - 0x00007fff7338d000 	C:\Windows\System32\CRYPT32.dll
0x00007fff63430000 - 0x00007fff6343a000 	C:\Windows\System32\rasadhlp.dll
0x00007fff62890000 - 0x00007fff6290f000 	C:\Windows\System32\fwpuclnt.dll
0x00007fff71c10000 - 0x00007fff71c43000 	C:\Windows\SYSTEM32\ntmarta.dll
0x00007fff6e080000 - 0x00007fff6e09e000 	C:\Users\Administrator\AppData\Local\Temp\native-platform8695741013707264184dir\native-platform.dll
0x00007fff70150000 - 0x00007fff701e0000 	C:\Windows\system32\apphelp.dll
0x00007fff66760000 - 0x00007fff6677e000 	C:\Users\Administrator\AppData\Local\Temp\native-platform3635463495609612544dir\native-platform.dll

VM Arguments:
jvm_args: -Xmx1536M -Dfile.encoding=GBK -Duser.country=CN -Duser.language=zh -Duser.variant 
java_command: org.gradle.launcher.daemon.bootstrap.GradleDaemon 4.10.2
java_class_path (initial): C:\Users\Administrator\.gradle\wrapper\dists\gradle-4.10.2-all\9fahxiiecdb76a5g3aw9oi8rv\gradle-4.10.2\lib\gradle-launcher-4.10.2.jar
Launcher Type: SUN_STANDARD

Environment Variables:
JAVA_HOME=D:\Program Files\Android\Android Studio\jre
CLASSPATH=D:\work\xs1\android\\gradle\wrapper\gradle-wrapper.jar
PATH=D:\Program Files (x86)\VMware\VMware Workstation\bin\;C:\Windows\system32;C:\Windows;C:\Windows\System32\Wbem;C:\Windows\System32\WindowsPowerShell\v1.0\;C:\Windows\System32\OpenSSH\;C:\Program Files\PuTTY\;C:\Program Files\Microsoft VS Code\bin;C:\Program Files\Git\cmd;D:\flutter\flutter\flutter\bin;C:\Users\Administrator\AppData\Local\Android\sdk\platform-tools;D:\phpstudy_pro\Extensions\php\php7.3.4nts;C:\Users\Administrator\AppData\Local\Microsoft\WindowsApps;;C:\Program Files (x86)\Fiddler2;D:\flutter\flutter\flutter\bin\mingit\cmd
USERNAME=Administrator
OS=Windows_NT
PROCESSOR_IDENTIFIER=Intel64 Family 6 Model 140 Stepping 1, GenuineIntel



---------------  S Y S T E M  ---------------

OS: Windows 10.0 , 64 bit Build 19041 (10.0.19041.207)

CPU:total 8 (initial active 8) (4 cores per cpu, 2 threads per core) family 6 model 140 stepping 1, cmov, cx8, fxsr, mmx, sse, sse2, sse3, ssse3, sse4.1, sse4.2, popcnt, avx, avx2, aes, clmul, erms, 3dnowpref, lzcnt, ht, tsc, tscinvbit, bmi1, bmi2, adx

Memory: 4k page, physical 16313596k(1594420k free), swap 29420792k(49580k free)

vm_info: OpenJDK 64-Bit Server VM (25.152-b01) for windows-amd64 JRE (1.8.0_152-release-915-b01), built by "builder" with MS VC++ 10.0 (VS2010)

time: Wed Jun 02 14:02:26 2021
elapsed time: 7595 seconds (0d 2h 6m 35s)

